<?xml version="1.0" encoding="UTF-8"?>
<testsuite xmlns:xsi="http://www.w3.org/2001/XMLSchema-instance" xsi:noNamespaceSchemaLocation="https://maven.apache.org/surefire/maven-surefire-plugin/xsd/surefire-test-report-3.0.xsd" version="3.0" name="BunTest" time="0.001" tests="6" errors="0" skipped="0" failures="0">
  <properties>
    <property name="gopherProxySet" value="false"/>
    <property name="awt.toolkit" value="sun.lwawt.macosx.LWCToolkit"/>
    <property name="java.specification.version" value="11"/>
    <property name="sun.cpu.isalist" value=""/>
    <property name="sun.jnu.encoding" value="UTF-8"/>
    <property name="java.class.path" value="/Users/maxgarbart/Developer/QA-java-diplom-1/target/test-classes:/Users/maxgarbart/Developer/QA-java-diplom-1/target/classes:/Users/maxgarbart/.m2/repository/junit/junit/4.13.2/junit-4.13.2.jar:/Users/maxgarbart/.m2/repository/org/hamcrest/hamcrest-core/1.3/hamcrest-core-1.3.jar:/Users/maxgarbart/.m2/repository/org/mockito/mockito-core/4.8.0/mockito-core-4.8.0.jar:/Users/maxgarbart/.m2/repository/net/bytebuddy/byte-buddy/1.12.14/byte-buddy-1.12.14.jar:/Users/maxgarbart/.m2/repository/net/bytebuddy/byte-buddy-agent/1.12.14/byte-buddy-agent-1.12.14.jar:/Users/maxgarbart/.m2/repository/org/objenesis/objenesis/3.2/objenesis-3.2.jar:/Users/maxgarbart/.m2/repository/org/jacoco/jacoco-maven-plugin/0.8.8/jacoco-maven-plugin-0.8.8.jar:/Users/maxgarbart/.m2/repository/org/codehaus/plexus/plexus-utils/3.0.22/plexus-utils-3.0.22.jar:/Users/maxgarbart/.m2/repository/org/apache/maven/shared/file-management/1.2.1/file-management-1.2.1.jar:/Users/maxgarbart/.m2/repository/org/apache/maven/maven-plugin-api/2.0.6/maven-plugin-api-2.0.6.jar:/Users/maxgarbart/.m2/repository/org/apache/maven/shared/maven-shared-io/1.1/maven-shared-io-1.1.jar:/Users/maxgarbart/.m2/repository/org/apache/maven/maven-artifact/2.0.2/maven-artifact-2.0.2.jar:/Users/maxgarbart/.m2/repository/org/apache/maven/maven-artifact-manager/2.0.2/maven-artifact-manager-2.0.2.jar:/Users/maxgarbart/.m2/repository/org/apache/maven/maven-repository-metadata/2.0.2/maven-repository-metadata-2.0.2.jar:/Users/maxgarbart/.m2/repository/org/apache/maven/wagon/wagon-provider-api/1.0-alpha-6/wagon-provider-api-1.0-alpha-6.jar:/Users/maxgarbart/.m2/repository/org/codehaus/plexus/plexus-container-default/1.0-alpha-9/plexus-container-default-1.0-alpha-9.jar:/Users/maxgarbart/.m2/repository/classworlds/classworlds/1.1-alpha-2/classworlds-1.1-alpha-2.jar:/Users/maxgarbart/.m2/repository/org/apache/maven/reporting/maven-reporting-api/3.0/maven-reporting-api-3.0.jar:/Users/maxgarbart/.m2/repository/org/apache/maven/doxia/doxia-sink-api/1.0/doxia-sink-api-1.0.jar:/Users/maxgarbart/.m2/repository/org/jacoco/org.jacoco.agent/0.8.8/org.jacoco.agent-0.8.8-runtime.jar:/Users/maxgarbart/.m2/repository/org/jacoco/org.jacoco.core/0.8.8/org.jacoco.core-0.8.8.jar:/Users/maxgarbart/.m2/repository/org/ow2/asm/asm/9.2/asm-9.2.jar:/Users/maxgarbart/.m2/repository/org/ow2/asm/asm-commons/9.2/asm-commons-9.2.jar:/Users/maxgarbart/.m2/repository/org/ow2/asm/asm-analysis/9.2/asm-analysis-9.2.jar:/Users/maxgarbart/.m2/repository/org/ow2/asm/asm-tree/9.2/asm-tree-9.2.jar:/Users/maxgarbart/.m2/repository/org/jacoco/org.jacoco.report/0.8.8/org.jacoco.report-0.8.8.jar:/Users/maxgarbart/.m2/repository/org/hamcrest/hamcrest/2.2/hamcrest-2.2.jar:"/>
    <property name="java.vm.vendor" value="Amazon.com Inc."/>
    <property name="sun.arch.data.model" value="64"/>
    <property name="java.vendor.url" value="https://aws.amazon.com/corretto/"/>
    <property name="user.timezone" value=""/>
    <property name="java.vm.specification.version" value="11"/>
    <property name="os.name" value="Mac OS X"/>
    <property name="sun.java.launcher" value="SUN_STANDARD"/>
    <property name="user.country" value="RU"/>
    <property name="sun.boot.library.path" value="/Library/Java/JavaVirtualMachines/amazon-corretto-11.jdk/Contents/Home/lib"/>
    <property name="sun.java.command" value="/Users/maxgarbart/Developer/QA-java-diplom-1/target/surefire/surefirebooter-20231217231446588_3.jar /Users/maxgarbart/Developer/QA-java-diplom-1/target/surefire 2023-12-17T23-14-46_497-jvmRun1 surefire-20231217231446588_1tmp surefire_0-20231217231446588_2tmp"/>
    <property name="jdk.debug" value="release"/>
    <property name="surefire.test.class.path" value="/Users/maxgarbart/Developer/QA-java-diplom-1/target/test-classes:/Users/maxgarbart/Developer/QA-java-diplom-1/target/classes:/Users/maxgarbart/.m2/repository/junit/junit/4.13.2/junit-4.13.2.jar:/Users/maxgarbart/.m2/repository/org/hamcrest/hamcrest-core/1.3/hamcrest-core-1.3.jar:/Users/maxgarbart/.m2/repository/org/mockito/mockito-core/4.8.0/mockito-core-4.8.0.jar:/Users/maxgarbart/.m2/repository/net/bytebuddy/byte-buddy/1.12.14/byte-buddy-1.12.14.jar:/Users/maxgarbart/.m2/repository/net/bytebuddy/byte-buddy-agent/1.12.14/byte-buddy-agent-1.12.14.jar:/Users/maxgarbart/.m2/repository/org/objenesis/objenesis/3.2/objenesis-3.2.jar:/Users/maxgarbart/.m2/repository/org/jacoco/jacoco-maven-plugin/0.8.8/jacoco-maven-plugin-0.8.8.jar:/Users/maxgarbart/.m2/repository/org/codehaus/plexus/plexus-utils/3.0.22/plexus-utils-3.0.22.jar:/Users/maxgarbart/.m2/repository/org/apache/maven/shared/file-management/1.2.1/file-management-1.2.1.jar:/Users/maxgarbart/.m2/repository/org/apache/maven/maven-plugin-api/2.0.6/maven-plugin-api-2.0.6.jar:/Users/maxgarbart/.m2/repository/org/apache/maven/shared/maven-shared-io/1.1/maven-shared-io-1.1.jar:/Users/maxgarbart/.m2/repository/org/apache/maven/maven-artifact/2.0.2/maven-artifact-2.0.2.jar:/Users/maxgarbart/.m2/repository/org/apache/maven/maven-artifact-manager/2.0.2/maven-artifact-manager-2.0.2.jar:/Users/maxgarbart/.m2/repository/org/apache/maven/maven-repository-metadata/2.0.2/maven-repository-metadata-2.0.2.jar:/Users/maxgarbart/.m2/repository/org/apache/maven/wagon/wagon-provider-api/1.0-alpha-6/wagon-provider-api-1.0-alpha-6.jar:/Users/maxgarbart/.m2/repository/org/codehaus/plexus/plexus-container-default/1.0-alpha-9/plexus-container-default-1.0-alpha-9.jar:/Users/maxgarbart/.m2/repository/classworlds/classworlds/1.1-alpha-2/classworlds-1.1-alpha-2.jar:/Users/maxgarbart/.m2/repository/org/apache/maven/reporting/maven-reporting-api/3.0/maven-reporting-api-3.0.jar:/Users/maxgarbart/.m2/repository/org/apache/maven/doxia/doxia-sink-api/1.0/doxia-sink-api-1.0.jar:/Users/maxgarbart/.m2/repository/org/jacoco/org.jacoco.agent/0.8.8/org.jacoco.agent-0.8.8-runtime.jar:/Users/maxgarbart/.m2/repository/org/jacoco/org.jacoco.core/0.8.8/org.jacoco.core-0.8.8.jar:/Users/maxgarbart/.m2/repository/org/ow2/asm/asm/9.2/asm-9.2.jar:/Users/maxgarbart/.m2/repository/org/ow2/asm/asm-commons/9.2/asm-commons-9.2.jar:/Users/maxgarbart/.m2/repository/org/ow2/asm/asm-analysis/9.2/asm-analysis-9.2.jar:/Users/maxgarbart/.m2/repository/org/ow2/asm/asm-tree/9.2/asm-tree-9.2.jar:/Users/maxgarbart/.m2/repository/org/jacoco/org.jacoco.report/0.8.8/org.jacoco.report-0.8.8.jar:/Users/maxgarbart/.m2/repository/org/hamcrest/hamcrest/2.2/hamcrest-2.2.jar:"/>
    <property name="sun.cpu.endian" value="little"/>
    <property name="user.home" value="/Users/maxgarbart"/>
    <property name="user.language" value="ru"/>
    <property name="java.specification.vendor" value="Oracle Corporation"/>
    <property name="java.version.date" value="2023-10-17"/>
    <property name="java.home" value="/Library/Java/JavaVirtualMachines/amazon-corretto-11.jdk/Contents/Home"/>
    <property name="file.separator" value="/"/>
    <property name="basedir" value="/Users/maxgarbart/Developer/QA-java-diplom-1"/>
    <property name="java.vm.compressedOopsMode" value="Zero based"/>
    <property name="line.separator" value="&#10;"/>
    <property name="java.specification.name" value="Java Platform API Specification"/>
    <property name="java.vm.specification.vendor" value="Oracle Corporation"/>
    <property name="java.awt.graphicsenv" value="sun.awt.CGraphicsEnvironment"/>
    <property name="surefire.real.class.path" value="/Users/maxgarbart/Developer/QA-java-diplom-1/target/surefire/surefirebooter-20231217231446588_3.jar"/>
    <property name="sun.management.compiler" value="HotSpot 64-Bit Tiered Compilers"/>
    <property name="java.runtime.version" value="11.0.21+9-LTS"/>
    <property name="user.name" value="maxgarbart"/>
    <property name="path.separator" value=":"/>
    <property name="os.version" value="13.6.1"/>
    <property name="java.runtime.name" value="OpenJDK Runtime Environment"/>
    <property name="file.encoding" value="UTF-8"/>
    <property name="java.vm.name" value="OpenJDK 64-Bit Server VM"/>
    <property name="java.vendor.version" value="Corretto-11.0.21.9.1"/>
    <property name="localRepository" value="/Users/maxgarbart/.m2/repository"/>
    <property name="java.vendor.url.bug" value="https://github.com/corretto/corretto-11/issues/"/>
    <property name="java.io.tmpdir" value="/var/folders/zt/0j2b_5_1667f2w1lw945kr1dz8249d/T/"/>
    <property name="java.version" value="11.0.21"/>
    <property name="user.dir" value="/Users/maxgarbart/Developer/QA-java-diplom-1"/>
    <property name="os.arch" value="x86_64"/>
    <property name="java.vm.specification.name" value="Java Virtual Machine Specification"/>
    <property name="java.awt.printerjob" value="sun.lwawt.macosx.CPrinterJob"/>
    <property name="sun.os.patch.level" value="unknown"/>
    <property name="java.library.path" value="/Users/maxgarbart/Library/Java/Extensions:/Library/Java/Extensions:/Network/Library/Java/Extensions:/System/Library/Java/Extensions:/usr/lib/java:."/>
    <property name="java.vm.info" value="mixed mode"/>
    <property name="java.vendor" value="Amazon.com Inc."/>
    <property name="java.vm.version" value="11.0.21+9-LTS"/>
    <property name="java.specification.maintenance.version" value="2"/>
    <property name="sun.io.unicode.encoding" value="UnicodeBig"/>
    <property name="java.class.version" value="55.0"/>
  </properties>
  <testcase name="getPriceTest[Тест: название булочки [black bun], цена булочки [100]]" classname="BunTest" time="0.0"/>
  <testcase name="getNameTest[Тест: название булочки [black bun], цена булочки [100]]" classname="BunTest" time="0.0"/>
  <testcase name="getPriceTest[Тест: название булочки [white bun], цена булочки [200]]" classname="BunTest" time="0.0"/>
  <testcase name="getNameTest[Тест: название булочки [white bun], цена булочки [200]]" classname="BunTest" time="0.0"/>
  <testcase name="getPriceTest[Тест: название булочки [red bun], цена булочки [300]]" classname="BunTest" time="0.0"/>
  <testcase name="getNameTest[Тест: название булочки [red bun], цена булочки [300]]" classname="BunTest" time="0.0"/>
</testsuite>